<?xml version="1.0" encoding="UTF-8" ?>
<testsuites>
 <testsuite name="Testcases/LaunchApplication_script" package="CommonforAll.suite" timestamp="2025-03-26 17:49:58.881 +0530"
 tests="1"  failures="1" errors="0" time="191.467000">
  <properties>
   <property name="RunDate" value="2025-03-26 17:49:58.881 +0530"/>
   <property name="Status" value="Failure"/>
  </properties>
  <testcase name="Testcases/LaunchApplication.script" assertions="3" status="failure"  time="191.457">
    <failure type="FAILURE" message="AssertionFailed: (false: imagefound(text:&quot;Your registration completed&quot;)) -- Execution Time 0:03:11 Testcases/LaunchApplication.script" />
  </testcase>
 </testsuite>
</testsuites>
