<?xml version="1.0" encoding="UTF-8" ?>
<testsuites>
 <testsuite name="Sample_test_apitest" package="SampleFramework.suite" timestamp="2025-03-02 23:12:54.349 +0530"
 tests="1"  failures="1" errors="0" time="0.369000">
  <properties>
   <property name="RunDate" value="2025-03-02 23:12:54.349 +0530"/>
   <property name="Status" value="Failure"/>
  </properties>
  <testcase name="Sample_test.apitest" assertions="1" status="failure"  time="0.355">
    <failure type="FAILURE" message="STUnknownMessage: ERROR: No Such Function: &apos;responsebody&apos; -- Execution Time 0:00:00 Sample_test.apitest" />
  </testcase>
 </testsuite>
</testsuites>
